<?xml version="1.0" encoding="UTF-8"?>
<testsuite name="io.github.sahinemirhan.resolver.CompositeUserIdResolverTest" tests="3" skipped="0" failures="0" errors="0" timestamp="2025-10-29T23:11:02" hostname="LENOVO" time="0.2">
  <properties/>
  <testcase name="returnsNullWhenAllExtractorsFail()" classname="io.github.sahinemirhan.resolver.CompositeUserIdResolverTest" time="0.185"/>
  <testcase name="resolvesUsingFirstNonEmptyExtractor()" classname="io.github.sahinemirhan.resolver.CompositeUserIdResolverTest" time="0.007"/>
  <testcase name="builderRequiresAtLeastOneExtractor()" classname="io.github.sahinemirhan.resolver.CompositeUserIdResolverTest" time="0.006"/>
  <system-out><![CDATA[]]></system-out>
  <system-err><![CDATA[]]></system-err>
</testsuite>
