<?xml version="1.0" encoding="UTF-8"?>
<testsuite name="io.github.sahinemirhan.rules.NightTimeRuleTest" tests="6" skipped="0" failures="0" errors="0" timestamp="2025-10-30T01:31:28" hostname="LENOVO" time="0.012">
  <properties/>
  <testcase name="returnsZeroOutsideWindow()" classname="io.github.sahinemirhan.rules.NightTimeRuleTest" time="0.003"/>
  <testcase name="propertyOverridesCanDisableRule()" classname="io.github.sahinemirhan.rules.NightTimeRuleTest" time="0.001"/>
  <testcase name="returnsRiskScoreInsideWindow()" classname="io.github.sahinemirhan.rules.NightTimeRuleTest" time="0.001"/>
  <testcase name="honorsDisabledConfiguration()" classname="io.github.sahinemirhan.rules.NightTimeRuleTest" time="0.001"/>
  <testcase name="propertyOverridesTakePrecedence()" classname="io.github.sahinemirhan.rules.NightTimeRuleTest" time="0.001"/>
  <testcase name="supportsWrapAroundWindow()" classname="io.github.sahinemirhan.rules.NightTimeRuleTest" time="0.001"/>
  <system-out><![CDATA[]]></system-out>
  <system-err><![CDATA[]]></system-err>
</testsuite>
