<?xml version="1.0" encoding="UTF-8"?>
<testsuite name="io.github.sahinemirhan.resolver.CompositeUserIdResolverTest" tests="3" skipped="0" failures="0" errors="0" timestamp="2025-10-30T00:57:56" hostname="LENOVO" time="0.189">
  <properties/>
  <testcase name="returnsNullWhenAllExtractorsFail()" classname="io.github.sahinemirhan.resolver.CompositeUserIdResolverTest" time="0.175"/>
  <testcase name="resolvesUsingFirstNonEmptyExtractor()" classname="io.github.sahinemirhan.resolver.CompositeUserIdResolverTest" time="0.006"/>
  <testcase name="builderRequiresAtLeastOneExtractor()" classname="io.github.sahinemirhan.resolver.CompositeUserIdResolverTest" time="0.005"/>
  <system-out><![CDATA[]]></system-out>
  <system-err><![CDATA[]]></system-err>
</testsuite>
