<?xml version="1.0" encoding="UTF-8"?>
<testsuite name="io.github.sahinemirhan.rules.HardRuleEvaluatorTest" tests="2" skipped="0" failures="0" errors="0" timestamp="2025-10-29T23:57:58" hostname="LENOVO" time="0.019">
  <properties/>
  <testcase name="usesDefaultDistributedUserAttackRuleWhenNoConfigProvided()" classname="io.github.sahinemirhan.rules.HardRuleEvaluatorTest" time="0.016"/>
  <testcase name="allowsOverridingDefaultHardRule()" classname="io.github.sahinemirhan.rules.HardRuleEvaluatorTest" time="0.002"/>
  <system-out><![CDATA[]]></system-out>
  <system-err><![CDATA[]]></system-err>
</testsuite>
