<?xml version="1.0" encoding="UTF-8"?>
<testsuite name="io.github.sahinemirhan.aop.internal.RiskEvaluationProcessorTest" tests="3" skipped="0" failures="0" errors="0" timestamp="2025-10-29T23:11:00" hostname="LENOVO" time="2.1">
  <properties/>
  <testcase name="usesBlockHandlerResolutionWhenBlocking()" classname="io.github.sahinemirhan.aop.internal.RiskEvaluationProcessorTest" time="2.065"/>
  <testcase name="notifiesOutcomeListenersOnChallenge()" classname="io.github.sahinemirhan.aop.internal.RiskEvaluationProcessorTest" time="0.017"/>
  <testcase name="returnsCustomResponseWhenChallengeHandlerProvidesReturnValue()" classname="io.github.sahinemirhan.aop.internal.RiskEvaluationProcessorTest" time="0.009"/>
  <system-out><![CDATA[Mockito is currently self-attaching to enable the inline-mock-maker. This will no longer work in future releases of the JDK. Please add Mockito as an agent to your build what is described in Mockito's documentation: https://javadoc.io/doc/org.mockito/mockito-core/latest/org/mockito/Mockito.html#0.3
Mockito is currently self-attaching to enable the inline-mock-maker. This will no longer work in future releases of the JDK. Please add Mockito as an agent to your build what is described in Mockito's documentation: https://javadoc.io/doc/org.mockito/mockito-core/latest/org/mockito/Mockito.html#0.3
Decision score = 200
Decision score = 80
Decision score = 20
]]></system-out>
  <system-err><![CDATA[WARNING: A Java agent has been loaded dynamically (C:\Users\cress\.gradle\caches\modules-2\files-2.1\net.bytebuddy\byte-buddy-agent\1.15.3\e619d89ed41a6cedc23bee3549cec8c4ffdaee7b\byte-buddy-agent-1.15.3.jar)
WARNING: If a serviceability tool is in use, please run with -XX:+EnableDynamicAgentLoading to hide this warning
WARNING: If a serviceability tool is not in use, please run with -Djdk.instrument.traceUsage for more information
WARNING: Dynamic loading of agents will be disallowed by default in a future release
]]></system-err>
</testsuite>
